<?xml version="1.0" encoding="UTF-8"?>
<testsuite xmlns:xsi="http://www.w3.org/2001/XMLSchema-instance" xsi:noNamespaceSchemaLocation="https://maven.apache.org/surefire/maven-surefire-plugin/xsd/surefire-test-report-3.0.xsd" version="3.0" name="com.microservice.personservice.PersonserviceApplicationTests" time="6.922" tests="1" errors="0" skipped="0" failures="0">
  <properties>
    <property name="java.specification.version" value="17"/>
    <property name="sun.jnu.encoding" value="UTF-8"/>
    <property name="java.class.path" value="/home/qb-shahidk/Downloads/Springboot programmes/micro-service/personservice/target/test-classes:/home/qb-shahidk/Downloads/Springboot programmes/micro-service/personservice/target/classes:/home/qb-shahidk/.m2/repository/org/springframework/boot/spring-boot-starter-actuator/3.1.4/spring-boot-starter-actuator-3.1.4.jar:/home/qb-shahidk/.m2/repository/org/springframework/boot/spring-boot-starter/3.1.4/spring-boot-starter-3.1.4.jar:/home/qb-shahidk/.m2/repository/org/springframework/boot/spring-boot-starter-logging/3.1.4/spring-boot-starter-logging-3.1.4.jar:/home/qb-shahidk/.m2/repository/ch/qos/logback/logback-classic/1.4.11/logback-classic-1.4.11.jar:/home/qb-shahidk/.m2/repository/ch/qos/logback/logback-core/1.4.11/logback-core-1.4.11.jar:/home/qb-shahidk/.m2/repository/org/apache/logging/log4j/log4j-to-slf4j/2.20.0/log4j-to-slf4j-2.20.0.jar:/home/qb-shahidk/.m2/repository/org/apache/logging/log4j/log4j-api/2.20.0/log4j-api-2.20.0.jar:/home/qb-shahidk/.m2/repository/org/slf4j/jul-to-slf4j/2.0.9/jul-to-slf4j-2.0.9.jar:/home/qb-shahidk/.m2/repository/jakarta/annotation/jakarta.annotation-api/2.1.1/jakarta.annotation-api-2.1.1.jar:/home/qb-shahidk/.m2/repository/org/yaml/snakeyaml/1.33/snakeyaml-1.33.jar:/home/qb-shahidk/.m2/repository/org/springframework/boot/spring-boot-actuator-autoconfigure/3.1.4/spring-boot-actuator-autoconfigure-3.1.4.jar:/home/qb-shahidk/.m2/repository/org/springframework/boot/spring-boot-actuator/3.1.4/spring-boot-actuator-3.1.4.jar:/home/qb-shahidk/.m2/repository/com/fasterxml/jackson/datatype/jackson-datatype-jsr310/2.15.2/jackson-datatype-jsr310-2.15.2.jar:/home/qb-shahidk/.m2/repository/io/micrometer/micrometer-observation/1.11.4/micrometer-observation-1.11.4.jar:/home/qb-shahidk/.m2/repository/io/micrometer/micrometer-commons/1.11.4/micrometer-commons-1.11.4.jar:/home/qb-shahidk/.m2/repository/io/micrometer/micrometer-core/1.11.4/micrometer-core-1.11.4.jar:/home/qb-shahidk/.m2/repository/org/hdrhistogram/HdrHistogram/2.1.12/HdrHistogram-2.1.12.jar:/home/qb-shahidk/.m2/repository/org/latencyutils/LatencyUtils/2.0.3/LatencyUtils-2.0.3.jar:/home/qb-shahidk/.m2/repository/org/springframework/boot/spring-boot-starter-web/3.1.4/spring-boot-starter-web-3.1.4.jar:/home/qb-shahidk/.m2/repository/org/springframework/boot/spring-boot-starter-json/3.1.4/spring-boot-starter-json-3.1.4.jar:/home/qb-shahidk/.m2/repository/com/fasterxml/jackson/datatype/jackson-datatype-jdk8/2.15.2/jackson-datatype-jdk8-2.15.2.jar:/home/qb-shahidk/.m2/repository/com/fasterxml/jackson/module/jackson-module-parameter-names/2.15.2/jackson-module-parameter-names-2.15.2.jar:/home/qb-shahidk/.m2/repository/org/springframework/boot/spring-boot-starter-tomcat/3.1.4/spring-boot-starter-tomcat-3.1.4.jar:/home/qb-shahidk/.m2/repository/org/apache/tomcat/embed/tomcat-embed-core/10.1.13/tomcat-embed-core-10.1.13.jar:/home/qb-shahidk/.m2/repository/org/apache/tomcat/embed/tomcat-embed-el/10.1.13/tomcat-embed-el-10.1.13.jar:/home/qb-shahidk/.m2/repository/org/apache/tomcat/embed/tomcat-embed-websocket/10.1.13/tomcat-embed-websocket-10.1.13.jar:/home/qb-shahidk/.m2/repository/org/springframework/spring-web/6.0.12/spring-web-6.0.12.jar:/home/qb-shahidk/.m2/repository/org/springframework/spring-beans/6.0.12/spring-beans-6.0.12.jar:/home/qb-shahidk/.m2/repository/org/springframework/spring-webmvc/6.0.12/spring-webmvc-6.0.12.jar:/home/qb-shahidk/.m2/repository/org/springframework/spring-aop/6.0.12/spring-aop-6.0.12.jar:/home/qb-shahidk/.m2/repository/org/springframework/spring-context/6.0.12/spring-context-6.0.12.jar:/home/qb-shahidk/.m2/repository/org/springframework/spring-expression/6.0.12/spring-expression-6.0.12.jar:/home/qb-shahidk/.m2/repository/org/springframework/cloud/spring-cloud-starter-config/4.0.4/spring-cloud-starter-config-4.0.4.jar:/home/qb-shahidk/.m2/repository/org/springframework/cloud/spring-cloud-starter/4.0.4/spring-cloud-starter-4.0.4.jar:/home/qb-shahidk/.m2/repository/org/springframework/cloud/spring-cloud-context/4.0.4/spring-cloud-context-4.0.4.jar:/home/qb-shahidk/.m2/repository/org/springframework/security/spring-security-crypto/6.1.4/spring-security-crypto-6.1.4.jar:/home/qb-shahidk/.m2/repository/org/springframework/cloud/spring-cloud-commons/4.0.4/spring-cloud-commons-4.0.4.jar:/home/qb-shahidk/.m2/repository/org/springframework/security/spring-security-rsa/1.0.12.RELEASE/spring-security-rsa-1.0.12.RELEASE.jar:/home/qb-shahidk/.m2/repository/org/bouncycastle/bcpkix-jdk18on/1.73/bcpkix-jdk18on-1.73.jar:/home/qb-shahidk/.m2/repository/org/bouncycastle/bcprov-jdk18on/1.73/bcprov-jdk18on-1.73.jar:/home/qb-shahidk/.m2/repository/org/bouncycastle/bcutil-jdk18on/1.73/bcutil-jdk18on-1.73.jar:/home/qb-shahidk/.m2/repository/org/springframework/cloud/spring-cloud-config-client/4.0.4/spring-cloud-config-client-4.0.4.jar:/home/qb-shahidk/.m2/repository/com/fasterxml/jackson/core/jackson-annotations/2.15.2/jackson-annotations-2.15.2.jar:/home/qb-shahidk/.m2/repository/org/apache/httpcomponents/client5/httpclient5/5.2.1/httpclient5-5.2.1.jar:/home/qb-shahidk/.m2/repository/org/apache/httpcomponents/core5/httpcore5/5.2.2/httpcore5-5.2.2.jar:/home/qb-shahidk/.m2/repository/org/apache/httpcomponents/core5/httpcore5-h2/5.2.2/httpcore5-h2-5.2.2.jar:/home/qb-shahidk/.m2/repository/com/fasterxml/jackson/core/jackson-databind/2.15.2/jackson-databind-2.15.2.jar:/home/qb-shahidk/.m2/repository/io/micrometer/micrometer-tracing-bridge-brave/1.1.5/micrometer-tracing-bridge-brave-1.1.5.jar:/home/qb-shahidk/.m2/repository/io/micrometer/micrometer-tracing/1.1.5/micrometer-tracing-1.1.5.jar:/home/qb-shahidk/.m2/repository/io/micrometer/context-propagation/1.0.5/context-propagation-1.0.5.jar:/home/qb-shahidk/.m2/repository/aopalliance/aopalliance/1.0/aopalliance-1.0.jar:/home/qb-shahidk/.m2/repository/org/slf4j/slf4j-api/2.0.9/slf4j-api-2.0.9.jar:/home/qb-shahidk/.m2/repository/io/zipkin/brave/brave/5.15.1/brave-5.15.1.jar:/home/qb-shahidk/.m2/repository/io/zipkin/brave/brave-context-slf4j/5.15.1/brave-context-slf4j-5.15.1.jar:/home/qb-shahidk/.m2/repository/io/zipkin/brave/brave-instrumentation-http/5.15.1/brave-instrumentation-http-5.15.1.jar:/home/qb-shahidk/.m2/repository/io/zipkin/aws/brave-propagation-aws/0.23.5/brave-propagation-aws-0.23.5.jar:/home/qb-shahidk/.m2/repository/io/zipkin/reporter2/zipkin-reporter-brave/2.16.3/zipkin-reporter-brave-2.16.3.jar:/home/qb-shahidk/.m2/repository/io/zipkin/reporter2/zipkin-reporter/2.16.3/zipkin-reporter-2.16.3.jar:/home/qb-shahidk/.m2/repository/io/zipkin/zipkin2/zipkin/2.23.2/zipkin-2.23.2.jar:/home/qb-shahidk/.m2/repository/org/springframework/cloud/spring-cloud-starter-netflix-eureka-client/4.0.3/spring-cloud-starter-netflix-eureka-client-4.0.3.jar:/home/qb-shahidk/.m2/repository/org/springframework/cloud/spring-cloud-netflix-eureka-client/4.0.3/spring-cloud-netflix-eureka-client-4.0.3.jar:/home/qb-shahidk/.m2/repository/com/netflix/eureka/eureka-client/2.0.1/eureka-client-2.0.1.jar:/home/qb-shahidk/.m2/repository/com/netflix/netflix-commons/netflix-eventbus/0.3.0/netflix-eventbus-0.3.0.jar:/home/qb-shahidk/.m2/repository/com/netflix/netflix-commons/netflix-infix/0.3.0/netflix-infix-0.3.0.jar:/home/qb-shahidk/.m2/repository/commons-jxpath/commons-jxpath/1.3/commons-jxpath-1.3.jar:/home/qb-shahidk/.m2/repository/joda-time/joda-time/2.3/joda-time-2.3.jar:/home/qb-shahidk/.m2/repository/org/antlr/antlr-runtime/3.4/antlr-runtime-3.4.jar:/home/qb-shahidk/.m2/repository/org/antlr/stringtemplate/3.2.1/stringtemplate-3.2.1.jar:/home/qb-shahidk/.m2/repository/antlr/antlr/2.7.7/antlr-2.7.7.jar:/home/qb-shahidk/.m2/repository/com/google/code/gson/gson/2.10.1/gson-2.10.1.jar:/home/qb-shahidk/.m2/repository/org/apache/commons/commons-math/2.2/commons-math-2.2.jar:/home/qb-shahidk/.m2/repository/com/thoughtworks/xstream/xstream/1.4.19/xstream-1.4.19.jar:/home/qb-shahidk/.m2/repository/io/github/x-stream/mxparser/1.2.2/mxparser-1.2.2.jar:/home/qb-shahidk/.m2/repository/xmlpull/xmlpull/1.1.3.1/xmlpull-1.1.3.1.jar:/home/qb-shahidk/.m2/repository/jakarta/ws/rs/jakarta.ws.rs-api/3.1.0/jakarta.ws.rs-api-3.1.0.jar:/home/qb-shahidk/.m2/repository/jakarta/inject/jakarta.inject-api/2.0.1/jakarta.inject-api-2.0.1.jar:/home/qb-shahidk/.m2/repository/com/netflix/servo/servo-core/0.12.21/servo-core-0.12.21.jar:/home/qb-shahidk/.m2/repository/com/google/guava/guava/19.0/guava-19.0.jar:/home/qb-shahidk/.m2/repository/org/apache/httpcomponents/httpclient/4.5.3/httpclient-4.5.3.jar:/home/qb-shahidk/.m2/repository/org/apache/httpcomponents/httpcore/4.4.16/httpcore-4.4.16.jar:/home/qb-shahidk/.m2/repository/commons-codec/commons-codec/1.15/commons-codec-1.15.jar:/home/qb-shahidk/.m2/repository/commons-configuration/commons-configuration/1.10/commons-configuration-1.10.jar:/home/qb-shahidk/.m2/repository/commons-lang/commons-lang/2.6/commons-lang-2.6.jar:/home/qb-shahidk/.m2/repository/org/codehaus/jettison/jettison/1.4.0/jettison-1.4.0.jar:/home/qb-shahidk/.m2/repository/com/netflix/eureka/eureka-core/2.0.1/eureka-core-2.0.1.jar:/home/qb-shahidk/.m2/repository/jakarta/servlet/jakarta.servlet-api/6.0.0/jakarta.servlet-api-6.0.0.jar:/home/qb-shahidk/.m2/repository/com/fasterxml/woodstox/woodstox-core/6.2.1/woodstox-core-6.2.1.jar:/home/qb-shahidk/.m2/repository/org/codehaus/woodstox/stax2-api/4.2.1/stax2-api-4.2.1.jar:/home/qb-shahidk/.m2/repository/org/springframework/cloud/spring-cloud-starter-loadbalancer/4.0.4/spring-cloud-starter-loadbalancer-4.0.4.jar:/home/qb-shahidk/.m2/repository/org/springframework/cloud/spring-cloud-loadbalancer/4.0.4/spring-cloud-loadbalancer-4.0.4.jar:/home/qb-shahidk/.m2/repository/io/projectreactor/reactor-core/3.5.10/reactor-core-3.5.10.jar:/home/qb-shahidk/.m2/repository/org/reactivestreams/reactive-streams/1.0.4/reactive-streams-1.0.4.jar:/home/qb-shahidk/.m2/repository/io/projectreactor/addons/reactor-extra/3.5.1/reactor-extra-3.5.1.jar:/home/qb-shahidk/.m2/repository/org/springframework/boot/spring-boot-starter-cache/3.1.4/spring-boot-starter-cache-3.1.4.jar:/home/qb-shahidk/.m2/repository/org/springframework/spring-context-support/6.0.12/spring-context-support-6.0.12.jar:/home/qb-shahidk/.m2/repository/com/stoyanr/evictor/1.0.0/evictor-1.0.0.jar:/home/qb-shahidk/.m2/repository/com/fasterxml/jackson/core/jackson-core/2.15.3/jackson-core-2.15.3.jar:/home/qb-shahidk/.m2/repository/org/springframework/boot/spring-boot-devtools/3.1.4/spring-boot-devtools-3.1.4.jar:/home/qb-shahidk/.m2/repository/org/springframework/boot/spring-boot/3.1.4/spring-boot-3.1.4.jar:/home/qb-shahidk/.m2/repository/org/springframework/boot/spring-boot-autoconfigure/3.1.4/spring-boot-autoconfigure-3.1.4.jar:/home/qb-shahidk/.m2/repository/org/springframework/boot/spring-boot-starter-test/3.1.4/spring-boot-starter-test-3.1.4.jar:/home/qb-shahidk/.m2/repository/org/springframework/boot/spring-boot-test/3.1.4/spring-boot-test-3.1.4.jar:/home/qb-shahidk/.m2/repository/org/springframework/boot/spring-boot-test-autoconfigure/3.1.4/spring-boot-test-autoconfigure-3.1.4.jar:/home/qb-shahidk/.m2/repository/com/jayway/jsonpath/json-path/2.8.0/json-path-2.8.0.jar:/home/qb-shahidk/.m2/repository/jakarta/xml/bind/jakarta.xml.bind-api/4.0.1/jakarta.xml.bind-api-4.0.1.jar:/home/qb-shahidk/.m2/repository/jakarta/activation/jakarta.activation-api/2.1.2/jakarta.activation-api-2.1.2.jar:/home/qb-shahidk/.m2/repository/net/minidev/json-smart/2.4.11/json-smart-2.4.11.jar:/home/qb-shahidk/.m2/repository/net/minidev/accessors-smart/2.4.11/accessors-smart-2.4.11.jar:/home/qb-shahidk/.m2/repository/org/ow2/asm/asm/9.3/asm-9.3.jar:/home/qb-shahidk/.m2/repository/org/assertj/assertj-core/3.24.2/assertj-core-3.24.2.jar:/home/qb-shahidk/.m2/repository/net/bytebuddy/byte-buddy/1.14.8/byte-buddy-1.14.8.jar:/home/qb-shahidk/.m2/repository/org/hamcrest/hamcrest/2.2/hamcrest-2.2.jar:/home/qb-shahidk/.m2/repository/org/junit/jupiter/junit-jupiter/5.9.3/junit-jupiter-5.9.3.jar:/home/qb-shahidk/.m2/repository/org/junit/jupiter/junit-jupiter-api/5.9.3/junit-jupiter-api-5.9.3.jar:/home/qb-shahidk/.m2/repository/org/opentest4j/opentest4j/1.2.0/opentest4j-1.2.0.jar:/home/qb-shahidk/.m2/repository/org/junit/platform/junit-platform-commons/1.9.3/junit-platform-commons-1.9.3.jar:/home/qb-shahidk/.m2/repository/org/apiguardian/apiguardian-api/1.1.2/apiguardian-api-1.1.2.jar:/home/qb-shahidk/.m2/repository/org/junit/jupiter/junit-jupiter-params/5.9.3/junit-jupiter-params-5.9.3.jar:/home/qb-shahidk/.m2/repository/org/junit/jupiter/junit-jupiter-engine/5.9.3/junit-jupiter-engine-5.9.3.jar:/home/qb-shahidk/.m2/repository/org/junit/platform/junit-platform-engine/1.9.3/junit-platform-engine-1.9.3.jar:/home/qb-shahidk/.m2/repository/org/mockito/mockito-core/5.3.1/mockito-core-5.3.1.jar:/home/qb-shahidk/.m2/repository/net/bytebuddy/byte-buddy-agent/1.14.8/byte-buddy-agent-1.14.8.jar:/home/qb-shahidk/.m2/repository/org/objenesis/objenesis/3.3/objenesis-3.3.jar:/home/qb-shahidk/.m2/repository/org/mockito/mockito-junit-jupiter/5.3.1/mockito-junit-jupiter-5.3.1.jar:/home/qb-shahidk/.m2/repository/org/skyscreamer/jsonassert/1.5.1/jsonassert-1.5.1.jar:/home/qb-shahidk/.m2/repository/com/vaadin/external/google/android-json/0.0.20131108.vaadin1/android-json-0.0.20131108.vaadin1.jar:/home/qb-shahidk/.m2/repository/org/springframework/spring-core/6.0.12/spring-core-6.0.12.jar:/home/qb-shahidk/.m2/repository/org/springframework/spring-jcl/6.0.12/spring-jcl-6.0.12.jar:/home/qb-shahidk/.m2/repository/org/springframework/spring-test/6.0.12/spring-test-6.0.12.jar:/home/qb-shahidk/.m2/repository/org/xmlunit/xmlunit-core/2.9.1/xmlunit-core-2.9.1.jar:"/>
    <property name="java.vm.vendor" value="Eclipse Adoptium"/>
    <property name="sun.arch.data.model" value="64"/>
    <property name="java.vendor.url" value="https://adoptium.net/"/>
    <property name="user.timezone" value="Asia/Kolkata"/>
    <property name="os.name" value="Linux"/>
    <property name="java.vm.specification.version" value="17"/>
    <property name="sun.java.launcher" value="SUN_STANDARD"/>
    <property name="user.country" value="IN"/>
    <property name="sun.boot.library.path" value="/home/qb-shahidk/Downloads/eclipse/plugins/org.eclipse.justj.openjdk.hotspot.jre.full.linux.x86_64_17.0.6.v20230204-1729/jre/lib"/>
    <property name="sun.java.command" value="/home/qb-shahidk/Downloads/Springboot programmes/micro-service/personservice/target/surefire/surefirebooter-20231019095101502_3.jar /home/qb-shahidk/Downloads/Springboot programmes/micro-service/personservice/target/surefire 2023-10-19T09-51-01_355-jvmRun1 surefire-20231019095101502_1tmp surefire_0-20231019095101502_2tmp"/>
    <property name="jdk.debug" value="release"/>
    <property name="surefire.test.class.path" value="/home/qb-shahidk/Downloads/Springboot programmes/micro-service/personservice/target/test-classes:/home/qb-shahidk/Downloads/Springboot programmes/micro-service/personservice/target/classes:/home/qb-shahidk/.m2/repository/org/springframework/boot/spring-boot-starter-actuator/3.1.4/spring-boot-starter-actuator-3.1.4.jar:/home/qb-shahidk/.m2/repository/org/springframework/boot/spring-boot-starter/3.1.4/spring-boot-starter-3.1.4.jar:/home/qb-shahidk/.m2/repository/org/springframework/boot/spring-boot-starter-logging/3.1.4/spring-boot-starter-logging-3.1.4.jar:/home/qb-shahidk/.m2/repository/ch/qos/logback/logback-classic/1.4.11/logback-classic-1.4.11.jar:/home/qb-shahidk/.m2/repository/ch/qos/logback/logback-core/1.4.11/logback-core-1.4.11.jar:/home/qb-shahidk/.m2/repository/org/apache/logging/log4j/log4j-to-slf4j/2.20.0/log4j-to-slf4j-2.20.0.jar:/home/qb-shahidk/.m2/repository/org/apache/logging/log4j/log4j-api/2.20.0/log4j-api-2.20.0.jar:/home/qb-shahidk/.m2/repository/org/slf4j/jul-to-slf4j/2.0.9/jul-to-slf4j-2.0.9.jar:/home/qb-shahidk/.m2/repository/jakarta/annotation/jakarta.annotation-api/2.1.1/jakarta.annotation-api-2.1.1.jar:/home/qb-shahidk/.m2/repository/org/yaml/snakeyaml/1.33/snakeyaml-1.33.jar:/home/qb-shahidk/.m2/repository/org/springframework/boot/spring-boot-actuator-autoconfigure/3.1.4/spring-boot-actuator-autoconfigure-3.1.4.jar:/home/qb-shahidk/.m2/repository/org/springframework/boot/spring-boot-actuator/3.1.4/spring-boot-actuator-3.1.4.jar:/home/qb-shahidk/.m2/repository/com/fasterxml/jackson/datatype/jackson-datatype-jsr310/2.15.2/jackson-datatype-jsr310-2.15.2.jar:/home/qb-shahidk/.m2/repository/io/micrometer/micrometer-observation/1.11.4/micrometer-observation-1.11.4.jar:/home/qb-shahidk/.m2/repository/io/micrometer/micrometer-commons/1.11.4/micrometer-commons-1.11.4.jar:/home/qb-shahidk/.m2/repository/io/micrometer/micrometer-core/1.11.4/micrometer-core-1.11.4.jar:/home/qb-shahidk/.m2/repository/org/hdrhistogram/HdrHistogram/2.1.12/HdrHistogram-2.1.12.jar:/home/qb-shahidk/.m2/repository/org/latencyutils/LatencyUtils/2.0.3/LatencyUtils-2.0.3.jar:/home/qb-shahidk/.m2/repository/org/springframework/boot/spring-boot-starter-web/3.1.4/spring-boot-starter-web-3.1.4.jar:/home/qb-shahidk/.m2/repository/org/springframework/boot/spring-boot-starter-json/3.1.4/spring-boot-starter-json-3.1.4.jar:/home/qb-shahidk/.m2/repository/com/fasterxml/jackson/datatype/jackson-datatype-jdk8/2.15.2/jackson-datatype-jdk8-2.15.2.jar:/home/qb-shahidk/.m2/repository/com/fasterxml/jackson/module/jackson-module-parameter-names/2.15.2/jackson-module-parameter-names-2.15.2.jar:/home/qb-shahidk/.m2/repository/org/springframework/boot/spring-boot-starter-tomcat/3.1.4/spring-boot-starter-tomcat-3.1.4.jar:/home/qb-shahidk/.m2/repository/org/apache/tomcat/embed/tomcat-embed-core/10.1.13/tomcat-embed-core-10.1.13.jar:/home/qb-shahidk/.m2/repository/org/apache/tomcat/embed/tomcat-embed-el/10.1.13/tomcat-embed-el-10.1.13.jar:/home/qb-shahidk/.m2/repository/org/apache/tomcat/embed/tomcat-embed-websocket/10.1.13/tomcat-embed-websocket-10.1.13.jar:/home/qb-shahidk/.m2/repository/org/springframework/spring-web/6.0.12/spring-web-6.0.12.jar:/home/qb-shahidk/.m2/repository/org/springframework/spring-beans/6.0.12/spring-beans-6.0.12.jar:/home/qb-shahidk/.m2/repository/org/springframework/spring-webmvc/6.0.12/spring-webmvc-6.0.12.jar:/home/qb-shahidk/.m2/repository/org/springframework/spring-aop/6.0.12/spring-aop-6.0.12.jar:/home/qb-shahidk/.m2/repository/org/springframework/spring-context/6.0.12/spring-context-6.0.12.jar:/home/qb-shahidk/.m2/repository/org/springframework/spring-expression/6.0.12/spring-expression-6.0.12.jar:/home/qb-shahidk/.m2/repository/org/springframework/cloud/spring-cloud-starter-config/4.0.4/spring-cloud-starter-config-4.0.4.jar:/home/qb-shahidk/.m2/repository/org/springframework/cloud/spring-cloud-starter/4.0.4/spring-cloud-starter-4.0.4.jar:/home/qb-shahidk/.m2/repository/org/springframework/cloud/spring-cloud-context/4.0.4/spring-cloud-context-4.0.4.jar:/home/qb-shahidk/.m2/repository/org/springframework/security/spring-security-crypto/6.1.4/spring-security-crypto-6.1.4.jar:/home/qb-shahidk/.m2/repository/org/springframework/cloud/spring-cloud-commons/4.0.4/spring-cloud-commons-4.0.4.jar:/home/qb-shahidk/.m2/repository/org/springframework/security/spring-security-rsa/1.0.12.RELEASE/spring-security-rsa-1.0.12.RELEASE.jar:/home/qb-shahidk/.m2/repository/org/bouncycastle/bcpkix-jdk18on/1.73/bcpkix-jdk18on-1.73.jar:/home/qb-shahidk/.m2/repository/org/bouncycastle/bcprov-jdk18on/1.73/bcprov-jdk18on-1.73.jar:/home/qb-shahidk/.m2/repository/org/bouncycastle/bcutil-jdk18on/1.73/bcutil-jdk18on-1.73.jar:/home/qb-shahidk/.m2/repository/org/springframework/cloud/spring-cloud-config-client/4.0.4/spring-cloud-config-client-4.0.4.jar:/home/qb-shahidk/.m2/repository/com/fasterxml/jackson/core/jackson-annotations/2.15.2/jackson-annotations-2.15.2.jar:/home/qb-shahidk/.m2/repository/org/apache/httpcomponents/client5/httpclient5/5.2.1/httpclient5-5.2.1.jar:/home/qb-shahidk/.m2/repository/org/apache/httpcomponents/core5/httpcore5/5.2.2/httpcore5-5.2.2.jar:/home/qb-shahidk/.m2/repository/org/apache/httpcomponents/core5/httpcore5-h2/5.2.2/httpcore5-h2-5.2.2.jar:/home/qb-shahidk/.m2/repository/com/fasterxml/jackson/core/jackson-databind/2.15.2/jackson-databind-2.15.2.jar:/home/qb-shahidk/.m2/repository/io/micrometer/micrometer-tracing-bridge-brave/1.1.5/micrometer-tracing-bridge-brave-1.1.5.jar:/home/qb-shahidk/.m2/repository/io/micrometer/micrometer-tracing/1.1.5/micrometer-tracing-1.1.5.jar:/home/qb-shahidk/.m2/repository/io/micrometer/context-propagation/1.0.5/context-propagation-1.0.5.jar:/home/qb-shahidk/.m2/repository/aopalliance/aopalliance/1.0/aopalliance-1.0.jar:/home/qb-shahidk/.m2/repository/org/slf4j/slf4j-api/2.0.9/slf4j-api-2.0.9.jar:/home/qb-shahidk/.m2/repository/io/zipkin/brave/brave/5.15.1/brave-5.15.1.jar:/home/qb-shahidk/.m2/repository/io/zipkin/brave/brave-context-slf4j/5.15.1/brave-context-slf4j-5.15.1.jar:/home/qb-shahidk/.m2/repository/io/zipkin/brave/brave-instrumentation-http/5.15.1/brave-instrumentation-http-5.15.1.jar:/home/qb-shahidk/.m2/repository/io/zipkin/aws/brave-propagation-aws/0.23.5/brave-propagation-aws-0.23.5.jar:/home/qb-shahidk/.m2/repository/io/zipkin/reporter2/zipkin-reporter-brave/2.16.3/zipkin-reporter-brave-2.16.3.jar:/home/qb-shahidk/.m2/repository/io/zipkin/reporter2/zipkin-reporter/2.16.3/zipkin-reporter-2.16.3.jar:/home/qb-shahidk/.m2/repository/io/zipkin/zipkin2/zipkin/2.23.2/zipkin-2.23.2.jar:/home/qb-shahidk/.m2/repository/org/springframework/cloud/spring-cloud-starter-netflix-eureka-client/4.0.3/spring-cloud-starter-netflix-eureka-client-4.0.3.jar:/home/qb-shahidk/.m2/repository/org/springframework/cloud/spring-cloud-netflix-eureka-client/4.0.3/spring-cloud-netflix-eureka-client-4.0.3.jar:/home/qb-shahidk/.m2/repository/com/netflix/eureka/eureka-client/2.0.1/eureka-client-2.0.1.jar:/home/qb-shahidk/.m2/repository/com/netflix/netflix-commons/netflix-eventbus/0.3.0/netflix-eventbus-0.3.0.jar:/home/qb-shahidk/.m2/repository/com/netflix/netflix-commons/netflix-infix/0.3.0/netflix-infix-0.3.0.jar:/home/qb-shahidk/.m2/repository/commons-jxpath/commons-jxpath/1.3/commons-jxpath-1.3.jar:/home/qb-shahidk/.m2/repository/joda-time/joda-time/2.3/joda-time-2.3.jar:/home/qb-shahidk/.m2/repository/org/antlr/antlr-runtime/3.4/antlr-runtime-3.4.jar:/home/qb-shahidk/.m2/repository/org/antlr/stringtemplate/3.2.1/stringtemplate-3.2.1.jar:/home/qb-shahidk/.m2/repository/antlr/antlr/2.7.7/antlr-2.7.7.jar:/home/qb-shahidk/.m2/repository/com/google/code/gson/gson/2.10.1/gson-2.10.1.jar:/home/qb-shahidk/.m2/repository/org/apache/commons/commons-math/2.2/commons-math-2.2.jar:/home/qb-shahidk/.m2/repository/com/thoughtworks/xstream/xstream/1.4.19/xstream-1.4.19.jar:/home/qb-shahidk/.m2/repository/io/github/x-stream/mxparser/1.2.2/mxparser-1.2.2.jar:/home/qb-shahidk/.m2/repository/xmlpull/xmlpull/1.1.3.1/xmlpull-1.1.3.1.jar:/home/qb-shahidk/.m2/repository/jakarta/ws/rs/jakarta.ws.rs-api/3.1.0/jakarta.ws.rs-api-3.1.0.jar:/home/qb-shahidk/.m2/repository/jakarta/inject/jakarta.inject-api/2.0.1/jakarta.inject-api-2.0.1.jar:/home/qb-shahidk/.m2/repository/com/netflix/servo/servo-core/0.12.21/servo-core-0.12.21.jar:/home/qb-shahidk/.m2/repository/com/google/guava/guava/19.0/guava-19.0.jar:/home/qb-shahidk/.m2/repository/org/apache/httpcomponents/httpclient/4.5.3/httpclient-4.5.3.jar:/home/qb-shahidk/.m2/repository/org/apache/httpcomponents/httpcore/4.4.16/httpcore-4.4.16.jar:/home/qb-shahidk/.m2/repository/commons-codec/commons-codec/1.15/commons-codec-1.15.jar:/home/qb-shahidk/.m2/repository/commons-configuration/commons-configuration/1.10/commons-configuration-1.10.jar:/home/qb-shahidk/.m2/repository/commons-lang/commons-lang/2.6/commons-lang-2.6.jar:/home/qb-shahidk/.m2/repository/org/codehaus/jettison/jettison/1.4.0/jettison-1.4.0.jar:/home/qb-shahidk/.m2/repository/com/netflix/eureka/eureka-core/2.0.1/eureka-core-2.0.1.jar:/home/qb-shahidk/.m2/repository/jakarta/servlet/jakarta.servlet-api/6.0.0/jakarta.servlet-api-6.0.0.jar:/home/qb-shahidk/.m2/repository/com/fasterxml/woodstox/woodstox-core/6.2.1/woodstox-core-6.2.1.jar:/home/qb-shahidk/.m2/repository/org/codehaus/woodstox/stax2-api/4.2.1/stax2-api-4.2.1.jar:/home/qb-shahidk/.m2/repository/org/springframework/cloud/spring-cloud-starter-loadbalancer/4.0.4/spring-cloud-starter-loadbalancer-4.0.4.jar:/home/qb-shahidk/.m2/repository/org/springframework/cloud/spring-cloud-loadbalancer/4.0.4/spring-cloud-loadbalancer-4.0.4.jar:/home/qb-shahidk/.m2/repository/io/projectreactor/reactor-core/3.5.10/reactor-core-3.5.10.jar:/home/qb-shahidk/.m2/repository/org/reactivestreams/reactive-streams/1.0.4/reactive-streams-1.0.4.jar:/home/qb-shahidk/.m2/repository/io/projectreactor/addons/reactor-extra/3.5.1/reactor-extra-3.5.1.jar:/home/qb-shahidk/.m2/repository/org/springframework/boot/spring-boot-starter-cache/3.1.4/spring-boot-starter-cache-3.1.4.jar:/home/qb-shahidk/.m2/repository/org/springframework/spring-context-support/6.0.12/spring-context-support-6.0.12.jar:/home/qb-shahidk/.m2/repository/com/stoyanr/evictor/1.0.0/evictor-1.0.0.jar:/home/qb-shahidk/.m2/repository/com/fasterxml/jackson/core/jackson-core/2.15.3/jackson-core-2.15.3.jar:/home/qb-shahidk/.m2/repository/org/springframework/boot/spring-boot-devtools/3.1.4/spring-boot-devtools-3.1.4.jar:/home/qb-shahidk/.m2/repository/org/springframework/boot/spring-boot/3.1.4/spring-boot-3.1.4.jar:/home/qb-shahidk/.m2/repository/org/springframework/boot/spring-boot-autoconfigure/3.1.4/spring-boot-autoconfigure-3.1.4.jar:/home/qb-shahidk/.m2/repository/org/springframework/boot/spring-boot-starter-test/3.1.4/spring-boot-starter-test-3.1.4.jar:/home/qb-shahidk/.m2/repository/org/springframework/boot/spring-boot-test/3.1.4/spring-boot-test-3.1.4.jar:/home/qb-shahidk/.m2/repository/org/springframework/boot/spring-boot-test-autoconfigure/3.1.4/spring-boot-test-autoconfigure-3.1.4.jar:/home/qb-shahidk/.m2/repository/com/jayway/jsonpath/json-path/2.8.0/json-path-2.8.0.jar:/home/qb-shahidk/.m2/repository/jakarta/xml/bind/jakarta.xml.bind-api/4.0.1/jakarta.xml.bind-api-4.0.1.jar:/home/qb-shahidk/.m2/repository/jakarta/activation/jakarta.activation-api/2.1.2/jakarta.activation-api-2.1.2.jar:/home/qb-shahidk/.m2/repository/net/minidev/json-smart/2.4.11/json-smart-2.4.11.jar:/home/qb-shahidk/.m2/repository/net/minidev/accessors-smart/2.4.11/accessors-smart-2.4.11.jar:/home/qb-shahidk/.m2/repository/org/ow2/asm/asm/9.3/asm-9.3.jar:/home/qb-shahidk/.m2/repository/org/assertj/assertj-core/3.24.2/assertj-core-3.24.2.jar:/home/qb-shahidk/.m2/repository/net/bytebuddy/byte-buddy/1.14.8/byte-buddy-1.14.8.jar:/home/qb-shahidk/.m2/repository/org/hamcrest/hamcrest/2.2/hamcrest-2.2.jar:/home/qb-shahidk/.m2/repository/org/junit/jupiter/junit-jupiter/5.9.3/junit-jupiter-5.9.3.jar:/home/qb-shahidk/.m2/repository/org/junit/jupiter/junit-jupiter-api/5.9.3/junit-jupiter-api-5.9.3.jar:/home/qb-shahidk/.m2/repository/org/opentest4j/opentest4j/1.2.0/opentest4j-1.2.0.jar:/home/qb-shahidk/.m2/repository/org/junit/platform/junit-platform-commons/1.9.3/junit-platform-commons-1.9.3.jar:/home/qb-shahidk/.m2/repository/org/apiguardian/apiguardian-api/1.1.2/apiguardian-api-1.1.2.jar:/home/qb-shahidk/.m2/repository/org/junit/jupiter/junit-jupiter-params/5.9.3/junit-jupiter-params-5.9.3.jar:/home/qb-shahidk/.m2/repository/org/junit/jupiter/junit-jupiter-engine/5.9.3/junit-jupiter-engine-5.9.3.jar:/home/qb-shahidk/.m2/repository/org/junit/platform/junit-platform-engine/1.9.3/junit-platform-engine-1.9.3.jar:/home/qb-shahidk/.m2/repository/org/mockito/mockito-core/5.3.1/mockito-core-5.3.1.jar:/home/qb-shahidk/.m2/repository/net/bytebuddy/byte-buddy-agent/1.14.8/byte-buddy-agent-1.14.8.jar:/home/qb-shahidk/.m2/repository/org/objenesis/objenesis/3.3/objenesis-3.3.jar:/home/qb-shahidk/.m2/repository/org/mockito/mockito-junit-jupiter/5.3.1/mockito-junit-jupiter-5.3.1.jar:/home/qb-shahidk/.m2/repository/org/skyscreamer/jsonassert/1.5.1/jsonassert-1.5.1.jar:/home/qb-shahidk/.m2/repository/com/vaadin/external/google/android-json/0.0.20131108.vaadin1/android-json-0.0.20131108.vaadin1.jar:/home/qb-shahidk/.m2/repository/org/springframework/spring-core/6.0.12/spring-core-6.0.12.jar:/home/qb-shahidk/.m2/repository/org/springframework/spring-jcl/6.0.12/spring-jcl-6.0.12.jar:/home/qb-shahidk/.m2/repository/org/springframework/spring-test/6.0.12/spring-test-6.0.12.jar:/home/qb-shahidk/.m2/repository/org/xmlunit/xmlunit-core/2.9.1/xmlunit-core-2.9.1.jar:"/>
    <property name="sun.cpu.endian" value="little"/>
    <property name="user.home" value="/home/qb-shahidk"/>
    <property name="user.language" value="en"/>
    <property name="java.specification.vendor" value="Oracle Corporation"/>
    <property name="java.version.date" value="2023-01-17"/>
    <property name="java.home" value="/home/qb-shahidk/Downloads/eclipse/plugins/org.eclipse.justj.openjdk.hotspot.jre.full.linux.x86_64_17.0.6.v20230204-1729/jre"/>
    <property name="file.separator" value="/"/>
    <property name="style.color" value="always"/>
    <property name="basedir" value="/home/qb-shahidk/Downloads/Springboot programmes/micro-service/personservice"/>
    <property name="java.vm.compressedOopsMode" value="Zero based"/>
    <property name="line.separator" value="&#10;"/>
    <property name="java.specification.name" value="Java Platform API Specification"/>
    <property name="java.vm.specification.vendor" value="Oracle Corporation"/>
    <property name="FILE_LOG_CHARSET" value="UTF-8"/>
    <property name="java.awt.headless" value="true"/>
    <property name="surefire.real.class.path" value="/home/qb-shahidk/Downloads/Springboot programmes/micro-service/personservice/target/surefire/surefirebooter-20231019095101502_3.jar"/>
    <property name="sun.management.compiler" value="HotSpot 64-Bit Tiered Compilers"/>
    <property name="java.runtime.version" value="17.0.6+10"/>
    <property name="user.name" value="qb-shahidk"/>
    <property name="path.separator" value=":"/>
    <property name="os.version" value="6.2.0-34-generic"/>
    <property name="java.runtime.name" value="OpenJDK Runtime Environment"/>
    <property name="file.encoding" value="UTF-8"/>
    <property name="java.vm.name" value="OpenJDK 64-Bit Server VM"/>
    <property name="java.vendor.version" value="Temurin-17.0.6+10"/>
    <property name="localRepository" value="/home/qb-shahidk/.m2/repository"/>
    <property name="java.vendor.url.bug" value="https://github.com/adoptium/adoptium-support/issues"/>
    <property name="java.io.tmpdir" value="/tmp"/>
    <property name="java.version" value="17.0.6"/>
    <property name="user.dir" value="/home/qb-shahidk/Downloads/Springboot programmes/micro-service/personservice"/>
    <property name="os.arch" value="amd64"/>
    <property name="java.vm.specification.name" value="Java Virtual Machine Specification"/>
    <property name="PID" value="10889"/>
    <property name="CONSOLE_LOG_CHARSET" value="UTF-8"/>
    <property name="native.encoding" value="UTF-8"/>
    <property name="java.library.path" value="/usr/java/packages/lib:/usr/lib64:/lib64:/lib:/usr/lib"/>
    <property name="java.vm.info" value="mixed mode"/>
    <property name="java.vendor" value="Eclipse Adoptium"/>
    <property name="java.vm.version" value="17.0.6+10"/>
    <property name="sun.io.unicode.encoding" value="UnicodeLittle"/>
    <property name="java.class.version" value="61.0"/>
  </properties>
  <testcase name="contextLoads" classname="com.microservice.personservice.PersonserviceApplicationTests" time="0.995">
    <system-out><![CDATA[09:51:02.663 [main] INFO org.springframework.test.context.support.AnnotationConfigContextLoaderUtils -- Could not detect default configuration classes for test class [com.microservice.personservice.PersonserviceApplicationTests]: PersonserviceApplicationTests does not declare any static, non-private, non-final, nested classes annotated with @Configuration.
09:51:02.793 [main] INFO org.springframework.boot.test.context.SpringBootTestContextBootstrapper -- Found @SpringBootConfiguration com.microservice.personservice.PersonserviceApplication for test class com.microservice.personservice.PersonserviceApplicationTests

  .   ____          _            __ _ _
 /\\ / ___'_ __ _ _(_)_ __  __ _ \ \ \ \
( ( )\___ | '_ | '_| | '_ \/ _` | \ \ \ \
 \\/  ___)| |_)| | | | | || (_| |  ) ) ) )
  '  |____| .__|_| |_|_| |_\__, | / / / /
 =========|_|==============|___/=/_/_/_/
 :: Spring Boot ::                (v3.1.4)

2023-10-19T09:51:04.346+05:30  INFO 10889 --- [           main] c.m.p.PersonserviceApplicationTests      : Starting PersonserviceApplicationTests using Java 17.0.6 with PID 10889 (started by qb-shahidk in /home/qb-shahidk/Downloads/Springboot programmes/micro-service/personservice)
2023-10-19T09:51:04.349+05:30  INFO 10889 --- [           main] c.m.p.PersonserviceApplicationTests      : No active profile set, falling back to 1 default profile: "default"
2023-10-19T09:51:04.431+05:30  INFO 10889 --- [           main] o.s.c.c.c.ConfigServerConfigDataLoader   : Fetching config from server at : http://localhost:8200
2023-10-19T09:51:04.432+05:30  INFO 10889 --- [           main] o.s.c.c.c.ConfigServerConfigDataLoader   : Located environment: name=personservice, profiles=[default], label=null, version=null, state=null
2023-10-19T09:51:06.152+05:30  INFO 10889 --- [           main] o.s.cloud.context.scope.GenericScope     : BeanFactory id=e31d6db0-e3d5-3e5b-a87c-0e08b2ac677b
2023-10-19T09:51:07.499+05:30  INFO 10889 --- [           main] DiscoveryClientOptionalArgsConfiguration : Eureka HTTP Client uses RestTemplate.
2023-10-19T09:51:07.581+05:30  WARN 10889 --- [           main] iguration$LoadBalancerCaffeineWarnLogger : Spring Cloud LoadBalancer is currently working with the default cache. While this cache implementation is useful for development and tests, it's recommended to use Caffeine cache in production.You can switch to using Caffeine cache, by adding it and org.springframework.cache.caffeine.CaffeineCacheManager to the classpath.
2023-10-19T09:51:07.597+05:30  INFO 10889 --- [           main] o.s.b.a.e.web.EndpointLinksResolver      : Exposing 1 endpoint(s) beneath base path '/actuator'
2023-10-19T09:51:07.684+05:30  INFO 10889 --- [           main] o.s.c.n.eureka.InstanceInfoFactory       : Setting initial instance status as: STARTING
2023-10-19T09:51:07.806+05:30  INFO 10889 --- [           main] com.netflix.discovery.DiscoveryClient    : Initializing Eureka in region us-east-1
2023-10-19T09:51:07.814+05:30  INFO 10889 --- [           main] c.n.d.s.r.aws.ConfigClusterResolver      : Resolving eureka endpoints via configuration
2023-10-19T09:51:07.844+05:30  INFO 10889 --- [           main] com.netflix.discovery.DiscoveryClient    : Disable delta property : false
2023-10-19T09:51:07.844+05:30  INFO 10889 --- [           main] com.netflix.discovery.DiscoveryClient    : Single vip registry refresh property : null
2023-10-19T09:51:07.844+05:30  INFO 10889 --- [           main] com.netflix.discovery.DiscoveryClient    : Force full registry fetch : false
2023-10-19T09:51:07.844+05:30  INFO 10889 --- [           main] com.netflix.discovery.DiscoveryClient    : Application is null : false
2023-10-19T09:51:07.845+05:30  INFO 10889 --- [           main] com.netflix.discovery.DiscoveryClient    : Registered Applications size is zero : true
2023-10-19T09:51:07.845+05:30  INFO 10889 --- [           main] com.netflix.discovery.DiscoveryClient    : Application version is -1: true
2023-10-19T09:51:07.845+05:30  INFO 10889 --- [           main] com.netflix.discovery.DiscoveryClient    : Getting all instance registry info from the eureka server
2023-10-19T09:51:08.279+05:30  INFO 10889 --- [           main] com.netflix.discovery.DiscoveryClient    : The response status is 200
2023-10-19T09:51:08.282+05:30  INFO 10889 --- [           main] com.netflix.discovery.DiscoveryClient    : Starting heartbeat executor: renew interval is: 30
2023-10-19T09:51:08.286+05:30  INFO 10889 --- [           main] c.n.discovery.InstanceInfoReplicator     : InstanceInfoReplicator onDemand update allowed rate per min is 4
2023-10-19T09:51:08.292+05:30  INFO 10889 --- [           main] com.netflix.discovery.DiscoveryClient    : Discovery Client initialized at timestamp 1697689268292 with initial instances count: 1
2023-10-19T09:51:08.295+05:30  INFO 10889 --- [           main] o.s.c.n.e.s.EurekaServiceRegistry        : Registering application PERSONSERVICE with eureka with status UP
2023-10-19T09:51:08.296+05:30  INFO 10889 --- [           main] com.netflix.discovery.DiscoveryClient    : Saw local status change event StatusChangeEvent [timestamp=1697689268296, current=UP, previous=STARTING]
2023-10-19T09:51:08.298+05:30  INFO 10889 --- [nfoReplicator-0] com.netflix.discovery.DiscoveryClient    : DiscoveryClient_PERSONSERVICE/192.168.1.75:personservice:8300: registering service...
2023-10-19T09:51:08.334+05:30  INFO 10889 --- [           main] c.m.p.PersonserviceApplicationTests      : Started PersonserviceApplicationTests in 5.363 seconds (process running for 6.726)
2023-10-19T09:51:08.360+05:30  INFO 10889 --- [nfoReplicator-0] com.netflix.discovery.DiscoveryClient    : DiscoveryClient_PERSONSERVICE/192.168.1.75:personservice:8300 - registration status: 204
]]></system-out>
  </testcase>
</testsuite>